TN:
SF:src/__tests__/setup.ts
FNF:0
FNH:0
DA:8,0
LF:1
LH:0
BRF:0
BRH:0
end_of_record
TN:
SF:src/controllers/divergence.controller.ts
FN:14,(anonymous_0)
FN:19,(anonymous_1)
FN:43,(anonymous_2)
FNF:3
FNH:0
FNDA:0,(anonymous_0)
FNDA:0,(anonymous_1)
FNDA:0,(anonymous_2)
DA:9,0
DA:10,0
DA:13,0
DA:15,0
DA:16,0
DA:20,0
DA:21,0
DA:23,0
DA:24,0
DA:28,0
DA:31,0
DA:36,0
DA:37,0
DA:39,0
DA:44,0
DA:45,0
DA:47,0
DA:48,0
DA:52,0
DA:55,0
DA:61,0
DA:62,0
DA:63,0
DA:70,0
DA:71,0
DA:72,0
DA:75,0
DA:77,0
LF:28
LH:0
BRDA:23,0,0,0
BRDA:23,1,0,0
BRDA:23,1,1,0
BRDA:47,2,0,0
BRDA:47,3,0,0
BRDA:47,3,1,0
BRDA:47,3,2,0
BRDA:61,4,0,0
BRDA:61,5,0,0
BRDA:61,5,1,0
BRDA:70,6,0,0
BRF:11
BRH:0
end_of_record
TN:
SF:src/controllers/observability.controller.ts
FN:11,(anonymous_0)
FN:16,(anonymous_1)
FN:35,(anonymous_2)
FN:49,(anonymous_3)
FN:58,(anonymous_4)
FNF:5
FNH:5
FNDA:1,(anonymous_0)
FNDA:4,(anonymous_1)
FNDA:2,(anonymous_2)
FNDA:1,(anonymous_3)
FNDA:1,(anonymous_4)
DA:8,1
DA:10,1
DA:12,1
DA:13,1
DA:17,4
DA:18,4
DA:20,4
DA:21,1
DA:25,1
DA:28,3
DA:29,3
DA:31,0
DA:36,2
DA:37,2
DA:38,2
DA:43,2
DA:45,0
DA:50,1
DA:51,1
DA:52,1
DA:54,0
DA:59,1
DA:60,1
DA:61,1
DA:64,1
DA:66,0
LF:26
LH:22
BRDA:20,0,0,1
BRDA:20,1,0,4
BRDA:20,1,1,4
BRDA:20,1,2,3
BRDA:39,2,0,0
BRDA:39,2,1,2
BRDA:62,3,0,0
BRDA:62,3,1,1
BRF:8
BRH:6
end_of_record
TN:
SF:src/controllers/risk.controller.ts
FN:11,(anonymous_0)
FN:13,(anonymous_1)
FN:47,(anonymous_2)
FNF:3
FNH:0
FNDA:0,(anonymous_0)
FNDA:0,(anonymous_1)
FNDA:0,(anonymous_2)
DA:7,0
DA:10,0
DA:11,0
DA:14,0
DA:15,0
DA:17,0
DA:19,0
DA:20,0
DA:23,0
DA:29,0
DA:31,0
DA:32,0
DA:33,0
DA:38,0
DA:41,0
DA:43,0
DA:48,0
DA:49,0
DA:51,0
DA:52,0
DA:56,0
DA:59,0
DA:65,0
DA:66,0
DA:67,0
DA:70,0
DA:72,0
LF:27
LH:0
BRDA:19,0,0,0
BRDA:31,1,0,0
BRDA:31,2,0,0
BRDA:31,2,1,0
BRDA:51,3,0,0
BRDA:51,4,0,0
BRDA:51,4,1,0
BRDA:51,4,2,0
BRDA:65,5,0,0
BRF:9
BRH:0
end_of_record
TN:
SF:src/controllers/vault.controller.ts
FN:18,(anonymous_0)
FN:24,(anonymous_1)
FN:40,(anonymous_2)
FN:61,(anonymous_3)
FN:85,(anonymous_4)
FN:109,(anonymous_5)
FN:140,(anonymous_6)
FN:155,(anonymous_7)
FN:159,(anonymous_8)
FNF:9
FNH:0
FNDA:0,(anonymous_0)
FNDA:0,(anonymous_1)
FNDA:0,(anonymous_2)
FNDA:0,(anonymous_3)
FNDA:0,(anonymous_4)
FNDA:0,(anonymous_5)
FNDA:0,(anonymous_6)
FNDA:0,(anonymous_7)
FNDA:0,(anonymous_8)
DA:9,0
DA:10,0
DA:17,0
DA:18,0
DA:25,0
DA:26,0
DA:27,0
DA:29,0
DA:41,0
DA:42,0
DA:43,0
DA:45,0
DA:46,0
DA:48,0
DA:49,0
DA:62,0
DA:63,0
DA:64,0
DA:66,0
DA:67,0
DA:69,0
DA:70,0
DA:72,0
DA:73,0
DA:86,0
DA:87,0
DA:88,0
DA:90,0
DA:91,0
DA:93,0
DA:94,0
DA:96,0
DA:97,0
DA:110,0
DA:111,0
DA:112,0
DA:114,0
DA:115,0
DA:117,0
DA:118,0
DA:121,0
DA:122,0
DA:125,0
DA:126,0
DA:128,0
DA:129,0
DA:141,0
DA:142,0
DA:146,0
DA:147,0
DA:148,0
DA:152,0
DA:155,0
DA:158,0
DA:159,0
DA:160,0
DA:164,0
DA:166,0
DA:167,0
LF:59
LH:0
BRDA:48,0,0,0
BRDA:48,0,1,0
BRDA:48,1,0,0
BRDA:48,1,1,0
BRDA:63,2,0,0
BRDA:63,2,1,0
BRDA:72,3,0,0
BRDA:72,3,1,0
BRDA:72,4,0,0
BRDA:72,4,1,0
BRDA:72,4,2,0
BRDA:87,5,0,0
BRDA:87,5,1,0
BRDA:96,6,0,0
BRDA:96,6,1,0
BRDA:96,7,0,0
BRDA:96,7,1,0
BRDA:96,7,2,0
BRDA:111,8,0,0
BRDA:111,8,1,0
BRDA:117,9,0,0
BRDA:121,10,0,0
BRDA:128,11,0,0
BRDA:128,11,1,0
BRDA:128,12,0,0
BRDA:128,12,1,0
BRDA:143,13,0,0
BRDA:143,13,1,0
BRDA:147,14,0,0
BRDA:158,15,0,0
BRDA:166,16,0,0
BRDA:166,16,1,0
BRDA:166,17,0,0
BRDA:166,17,1,0
BRF:34
BRH:0
end_of_record
TN:
SF:src/lib/storage/in-memory.store.ts
FN:7,(anonymous_0)
FN:12,(anonymous_1)
FN:19,(anonymous_2)
FN:21,(anonymous_3)
FN:22,(anonymous_4)
FN:27,(anonymous_5)
FN:28,(anonymous_6)
FN:31,(anonymous_7)
FN:38,(anonymous_8)
FN:42,(anonymous_9)
FN:45,(anonymous_10)
FN:47,(anonymous_11)
FN:48,(anonymous_12)
FN:49,(anonymous_13)
FN:50,(anonymous_14)
FN:53,(anonymous_15)
FN:54,(anonymous_16)
FN:57,(anonymous_17)
FN:68,(anonymous_18)
FN:69,(anonymous_19)
FN:70,(anonymous_20)
FN:71,(anonymous_21)
FN:76,(anonymous_22)
FNF:23
FNH:19
FNDA:1,(anonymous_0)
FNDA:3,(anonymous_1)
FNDA:2,(anonymous_2)
FNDA:2,(anonymous_3)
FNDA:0,(anonymous_4)
FNDA:0,(anonymous_5)
FNDA:0,(anonymous_6)
FNDA:1,(anonymous_7)
FNDA:1,(anonymous_8)
FNDA:1,(anonymous_9)
FNDA:2,(anonymous_10)
FNDA:2,(anonymous_11)
FNDA:2,(anonymous_12)
FNDA:2,(anonymous_13)
FNDA:2,(anonymous_14)
FNDA:2,(anonymous_15)
FNDA:1,(anonymous_16)
FNDA:1,(anonymous_17)
FNDA:2,(anonymous_18)
FNDA:2,(anonymous_19)
FNDA:2,(anonymous_20)
FNDA:2,(anonymous_21)
FNDA:0,(anonymous_22)
DA:8,1
DA:9,1
DA:10,1
DA:13,3
DA:14,3
DA:15,0
DA:20,2
DA:21,2
DA:22,2
DA:23,2
DA:24,2
DA:28,0
DA:32,1
DA:33,1
DA:34,0
DA:39,1
DA:43,1
DA:44,1
DA:45,2
DA:47,2
DA:48,2
DA:49,2
DA:50,2
DA:52,1
DA:53,2
DA:54,1
DA:56,1
DA:57,1
DA:60,1
DA:68,2
DA:69,2
DA:70,2
DA:71,2
DA:77,0
DA:78,0
DA:82,1
LF:36
LH:31
BRDA:14,0,0,0
BRDA:21,1,0,1
BRDA:22,2,0,0
BRDA:23,3,0,0
BRDA:33,4,0,0
BRDA:39,5,0,0
BRDA:39,5,1,1
BRDA:56,6,0,1
BRDA:56,6,1,0
BRF:9
BRH:3
end_of_record
TN:
SF:src/lib/utils/logger.util.ts
FN:24,getLogger
FN:26,(anonymous_10)
FN:33,logEvent
FN:46,logPayment
FN:62,logRiskAnalysis
FN:78,logTransactionBlocked
FN:95,logTransactionAllowed
FN:111,logDivergenceAnalysis
FN:128,logError
FNF:9
FNH:0
FNDA:0,getLogger
FNDA:0,(anonymous_10)
FNDA:0,logEvent
FNDA:0,logPayment
FNDA:0,logRiskAnalysis
FNDA:0,logTransactionBlocked
FNDA:0,logTransactionAllowed
FNDA:0,logDivergenceAnalysis
FNDA:0,logError
DA:22,0
DA:25,0
DA:26,0
DA:27,0
DA:28,0
DA:30,0
DA:33,0
DA:34,0
DA:35,0
DA:36,0
DA:39,0
DA:46,0
DA:52,0
DA:62,0
DA:68,0
DA:78,0
DA:85,0
DA:95,0
DA:101,0
DA:111,0
DA:118,0
DA:128,0
DA:133,0
LF:23
LH:0
BRDA:25,0,0,0
BRF:1
BRH:0
end_of_record
TN:
SF:src/lib/utils/retry.util.ts
FN:17,retry
FN:25,(anonymous_1)
FN:48,(anonymous_2)
FN:58,isRetryableError
FNF:4
FNH:0
FNDA:0,retry
FNDA:0,(anonymous_1)
FNDA:0,(anonymous_2)
FNDA:0,isRetryableError
DA:17,0
DA:25,0
DA:26,0
DA:30,0
DA:31,0
DA:32,0
DA:34,0
DA:37,0
DA:38,0
DA:42,0
DA:43,0
DA:47,0
DA:48,0
DA:52,0
DA:58,0
DA:60,0
DA:61,0
DA:65,0
DA:66,0
DA:70,0
DA:71,0
DA:75,0
DA:76,0
DA:79,0
LF:24
LH:0
BRDA:19,0,0,0
BRDA:22,1,0,0
BRDA:23,2,0,0
BRDA:24,3,0,0
BRDA:25,4,0,0
BRDA:37,5,0,0
BRDA:42,6,0,0
BRDA:60,7,0,0
BRDA:65,8,0,0
BRDA:65,9,0,0
BRDA:65,9,1,0
BRDA:70,10,0,0
BRDA:75,11,0,0
BRF:13
BRH:0
end_of_record
TN:
SF:src/lib/utils/validation.util.ts
FN:12,isValidAddress
FN:23,validateAddress
FN:36,validateAmount
FN:55,validateHexString
FN:72,validateRiskScore
FN:85,sanitizeString
FN:104,validateTokenSymbol
FN:121,validatePagination
FNF:8
FNH:0
FNDA:0,isValidAddress
FNDA:0,validateAddress
FNDA:0,validateAmount
FNDA:0,validateHexString
FNDA:0,validateRiskScore
FNDA:0,sanitizeString
FNDA:0,validateTokenSymbol
FNDA:0,validatePagination
DA:7,0
DA:12,0
DA:13,0
DA:14,0
DA:16,0
DA:23,0
DA:24,0
DA:25,0
DA:28,0
DA:29,0
DA:36,0
DA:37,0
DA:38,0
DA:41,0
DA:43,0
DA:44,0
DA:47,0
DA:48,0
DA:55,0
DA:56,0
DA:57,0
DA:60,0
DA:61,0
DA:64,0
DA:65,0
DA:72,0
DA:73,0
DA:74,0
DA:77,0
DA:78,0
DA:85,0
DA:86,0
DA:87,0
DA:91,0
DA:94,0
DA:95,0
DA:98,0
DA:104,0
DA:105,0
DA:106,0
DA:109,0
DA:110,0
DA:113,0
DA:114,0
DA:121,0
DA:122,0
DA:126,0
DA:130,0
LF:48
LH:0
BRDA:23,0,0,0
BRDA:24,1,0,0
BRDA:24,2,0,0
BRDA:24,2,1,0
BRDA:28,3,0,0
BRDA:36,4,0,0
BRDA:37,5,0,0
BRDA:41,6,0,0
BRDA:41,6,1,0
BRDA:43,7,0,0
BRDA:43,8,0,0
BRDA:43,8,1,0
BRDA:47,9,0,0
BRDA:55,10,0,0
BRDA:56,11,0,0
BRDA:56,12,0,0
BRDA:56,12,1,0
BRDA:60,13,0,0
BRDA:64,14,0,0
BRDA:72,15,0,0
BRDA:73,16,0,0
BRDA:73,17,0,0
BRDA:73,17,1,0
BRDA:77,18,0,0
BRDA:77,19,0,0
BRDA:77,19,1,0
BRDA:85,20,0,0
BRDA:86,21,0,0
BRDA:94,22,0,0
BRDA:105,23,0,0
BRDA:105,24,0,0
BRDA:105,24,1,0
BRDA:109,25,0,0
BRDA:113,26,0,0
BRDA:122,27,0,0
BRDA:122,27,1,0
BRDA:126,28,0,0
BRDA:126,28,1,0
BRF:38
BRH:0
end_of_record
TN:
SF:src/lib/x402/facilitator.service.ts
FN:19,(anonymous_0)
FN:29,(anonymous_1)
FN:42,(anonymous_2)
FN:55,(anonymous_3)
FNF:4
FNH:0
FNDA:0,(anonymous_0)
FNDA:0,(anonymous_1)
FNDA:0,(anonymous_2)
FNDA:0,(anonymous_3)
DA:8,0
DA:16,0
DA:20,0
DA:23,0
DA:30,0
DA:36,0
DA:43,0
DA:49,0
DA:56,0
DA:57,0
DA:59,0
DA:60,0
DA:66,0
DA:68,0
DA:69,0
DA:75,0
DA:80,0
LF:17
LH:0
BRDA:19,0,0,0
BRDA:20,1,0,0
BRDA:20,1,1,0
BRDA:59,2,0,0
BRDA:68,3,0,0
BRDA:82,4,0,0
BRDA:82,4,1,0
BRF:7
BRH:0
end_of_record
TN:
SF:src/lib/x402/require-x402.middleware.ts
FN:72,newPaymentId
FN:88,requireX402Payment
FN:101,(anonymous_11)
FN:160,recordPayment
FN:168,isPaymentSettled
FN:172,getPaymentRecord
FNF:6
FNH:0
FNDA:0,newPaymentId
FNDA:0,requireX402Payment
FNDA:0,(anonymous_11)
FNDA:0,recordPayment
FNDA:0,isPaymentSettled
FNDA:0,getPaymentRecord
DA:8,0
DA:70,0
DA:73,0
DA:88,0
DA:99,0
DA:101,0
DA:102,0
DA:104,0
DA:105,0
DA:106,0
DA:109,0
DA:110,0
DA:111,0
DA:112,0
DA:114,0
DA:116,0
DA:132,0
DA:148,0
DA:156,0
DA:160,0
DA:161,0
DA:168,0
DA:169,0
DA:172,0
DA:173,0
LF:25
LH:0
BRDA:94,0,0,0
BRDA:97,1,0,0
BRDA:102,2,0,0
BRDA:102,2,1,0
BRDA:104,3,0,0
BRDA:104,4,0,0
BRDA:104,4,1,0
BRDA:110,5,0,0
BRDA:110,5,1,0
BRDA:111,6,0,0
BRDA:111,6,1,0
BRDA:112,7,0,0
BRDA:112,7,1,0
BRDA:116,8,0,0
BRDA:116,8,1,0
BRDA:117,9,0,0
BRDA:117,9,1,0
BRDA:118,10,0,0
BRDA:118,10,1,0
BRDA:119,11,0,0
BRDA:119,11,1,0
BRDA:120,12,0,0
BRDA:120,12,1,0
BRDA:121,13,0,0
BRDA:121,13,1,0
BRDA:122,14,0,0
BRDA:122,14,1,0
BRDA:169,15,0,0
BRDA:169,15,1,0
BRF:29
BRH:0
end_of_record
TN:
SF:src/lib/x402/require.util.ts
FN:20,requirePaidAccess
FNF:1
FNH:0
FNDA:0,requirePaidAccess
DA:7,0
DA:8,0
DA:9,0
DA:11,0
DA:12,0
DA:15,0
DA:16,0
DA:17,0
DA:18,0
DA:20,0
DA:29,0
DA:30,0
DA:33,0
DA:45,0
LF:14
LH:0
BRDA:11,0,0,0
BRDA:11,0,1,0
BRDA:12,1,0,0
BRDA:12,1,1,0
BRDA:15,2,0,0
BRDA:15,2,1,0
BRDA:16,3,0,0
BRDA:16,3,1,0
BRDA:17,4,0,0
BRDA:17,4,1,0
BRDA:18,5,0,0
BRDA:18,5,1,0
BRDA:29,6,0,0
BRDA:39,7,0,0
BRDA:39,7,1,0
BRF:15
BRH:0
end_of_record
TN:
SF:src/routes/divergence.routes.ts
FN:15,createDivergenceRoutes
FNF:1
FNH:0
FNDA:0,createDivergenceRoutes
DA:9,0
DA:11,0
DA:13,0
DA:15,0
DA:73,0
DA:130,0
DA:132,0
LF:7
LH:0
BRF:0
BRH:0
end_of_record
TN:
SF:src/routes/observability.routes.ts
FN:14,createObservabilityRoutes
FNF:1
FNH:1
FNDA:1,createObservabilityRoutes
DA:9,1
DA:12,1
DA:14,1
DA:68,1
DA:103,1
DA:135,1
DA:175,1
DA:177,1
LF:8
LH:8
BRF:0
BRH:0
end_of_record
TN:
SF:src/routes/risk.routes.ts
FN:15,createRiskRoutes
FNF:1
FNH:0
FNDA:0,createRiskRoutes
DA:9,0
DA:11,0
DA:13,0
DA:15,0
DA:78,0
DA:135,0
DA:137,0
LF:7
LH:0
BRF:0
BRH:0
end_of_record
TN:
SF:src/routes/vault.routes.ts
FN:14,createVaultRoutes
FNF:1
FNH:0
FNDA:0,createVaultRoutes
DA:9,0
DA:12,0
DA:14,0
DA:43,0
DA:74,0
DA:111,0
DA:148,0
DA:201,0
DA:246,0
DA:248,0
LF:10
LH:0
BRF:0
BRH:0
end_of_record
TN:
SF:src/services/divergence/crypto-com.service.ts
FN:19,(anonymous_1)
FN:24,(anonymous_2)
FN:30,(anonymous_3)
FN:39,(anonymous_4)
FN:66,(anonymous_5)
FNF:5
FNH:0
FNDA:0,(anonymous_1)
FNDA:0,(anonymous_2)
FNDA:0,(anonymous_3)
FNDA:0,(anonymous_4)
FNDA:0,(anonymous_5)
DA:5,0
DA:6,0
DA:15,0
DA:20,0
DA:21,0
DA:25,0
DA:26,0
DA:29,0
DA:31,0
DA:39,0
DA:43,0
DA:44,0
DA:45,0
DA:47,0
DA:48,0
DA:51,0
DA:59,0
DA:62,0
DA:67,0
DA:73,0
LF:20
LH:0
BRDA:20,0,0,0
BRDA:20,0,1,0
BRDA:43,1,0,0
BRDA:45,2,0,0
BRDA:45,2,1,0
BRDA:45,2,2,0
BRDA:47,3,0,0
BRDA:74,4,0,0
BRDA:74,4,1,0
BRF:9
BRH:0
end_of_record
TN:
SF:src/services/divergence/dex.service.ts
FN:28,(anonymous_0)
FN:33,(anonymous_1)
FN:45,(anonymous_2)
FN:51,(anonymous_3)
FN:74,(anonymous_4)
FN:79,(anonymous_5)
FN:87,(anonymous_6)
FN:102,(anonymous_7)
FNF:8
FNH:0
FNDA:0,(anonymous_0)
FNDA:0,(anonymous_1)
FNDA:0,(anonymous_2)
FNDA:0,(anonymous_3)
FNDA:0,(anonymous_4)
FNDA:0,(anonymous_5)
FNDA:0,(anonymous_6)
FNDA:0,(anonymous_7)
DA:5,0
DA:6,0
DA:15,0
DA:19,0
DA:22,0
DA:29,0
DA:30,0
DA:34,0
DA:35,0
DA:36,0
DA:37,0
DA:40,0
DA:41,0
DA:44,0
DA:46,0
DA:53,0
DA:60,0
DA:62,0
DA:70,0
DA:75,0
DA:76,0
DA:80,0
DA:81,0
DA:82,0
DA:84,0
DA:88,0
DA:94,0
DA:103,0
LF:28
LH:0
BRDA:36,0,0,0
BRDA:36,1,0,0
BRDA:36,1,1,0
BRDA:40,2,0,0
BRDA:40,2,1,0
BRDA:53,3,0,0
BRDA:53,3,1,0
BRDA:53,3,2,0
BRDA:76,4,0,0
BRDA:76,4,1,0
BRDA:81,5,0,0
BRDA:95,6,0,0
BRDA:95,6,1,0
BRF:13
BRH:0
end_of_record
TN:
SF:src/services/divergence/divergence.service.ts
FN:18,(anonymous_0)
FN:23,(anonymous_1)
FN:70,(anonymous_2)
FNF:3
FNH:0
FNDA:0,(anonymous_0)
FNDA:0,(anonymous_1)
FNDA:0,(anonymous_2)
DA:5,0
DA:9,0
DA:11,0
DA:14,0
DA:15,0
DA:16,0
DA:19,0
DA:20,0
DA:24,0
DA:25,0
DA:27,0
DA:32,0
DA:33,0
DA:34,0
DA:35,0
DA:37,0
DA:38,0
DA:40,0
DA:43,0
DA:51,0
DA:74,0
DA:75,0
DA:78,0
DA:79,0
DA:82,0
LF:25
LH:0
BRDA:29,0,0,0
BRDA:29,0,1,0
BRDA:48,1,0,0
BRDA:48,1,1,0
BRDA:74,2,0,0
BRDA:78,3,0,0
BRDA:79,4,0,0
BRDA:79,4,1,0
BRF:8
BRH:0
end_of_record
TN:
SF:src/services/observability/log.service.ts
FN:13,(anonymous_9)
FN:32,(anonymous_10)
FN:42,(anonymous_11)
FN:73,(anonymous_12)
FN:77,(anonymous_13)
FNF:5
FNH:4
FNDA:3,(anonymous_9)
FNDA:1,(anonymous_10)
FNDA:3,(anonymous_11)
FNDA:2,(anonymous_12)
FNDA:0,(anonymous_13)
DA:5,1
DA:6,1
DA:12,1
DA:14,3
DA:16,1
DA:18,1
DA:19,1
DA:20,1
DA:22,1
DA:24,0
DA:26,0
DA:28,0
DA:33,1
DA:39,1
DA:47,3
DA:56,3
DA:58,3
DA:59,1
DA:70,3
DA:74,2
DA:78,0
LF:21
LH:17
BRDA:14,0,0,1
BRDA:14,0,1,1
BRDA:14,0,2,1
BRDA:14,0,3,0
BRDA:14,0,4,0
BRDA:14,0,5,0
BRDA:16,1,0,1
BRDA:16,1,1,1
BRDA:16,2,0,1
BRDA:16,2,1,1
BRDA:18,3,0,1
BRDA:18,3,1,0
BRDA:19,4,0,1
BRDA:19,4,1,0
BRDA:20,5,0,0
BRDA:20,5,1,1
BRDA:22,6,0,1
BRDA:22,6,1,0
BRDA:22,7,0,1
BRDA:22,7,1,0
BRDA:24,8,0,0
BRDA:24,8,1,0
BRDA:26,9,0,0
BRDA:26,9,1,0
BRDA:26,10,0,0
BRDA:26,10,1,0
BRDA:39,11,0,1
BRDA:39,11,1,0
BRDA:58,12,0,1
BRDA:62,13,0,1
BRDA:62,13,1,0
BRDA:63,14,0,1
BRDA:63,14,1,0
BRDA:63,14,2,0
BRDA:64,15,0,1
BRDA:64,15,1,0
BRDA:65,16,0,1
BRDA:65,16,1,0
BRF:38
BRH:18
end_of_record
TN:
SF:src/services/observability/metrics.service.ts
FN:9,(anonymous_0)
FNF:1
FNH:1
FNDA:1,(anonymous_0)
DA:5,1
DA:8,1
DA:10,1
LF:3
LH:3
BRF:0
BRH:0
end_of_record
TN:
SF:src/services/risk/risk-analyzer.ts
FN:13,analyzeRisk
FN:37,generateMockScore
FNF:2
FNH:0
FNDA:0,analyzeRisk
FNDA:0,generateMockScore
DA:13,0
DA:14,0
DA:17,0
DA:19,0
DA:27,0
DA:38,0
DA:39,0
DA:40,0
DA:41,0
DA:42,0
DA:45,0
DA:47,0
DA:48,0
DA:51,0
LF:14
LH:0
BRDA:20,0,0,0
BRDA:20,0,1,0
BRDA:20,1,0,0
BRDA:20,1,1,0
BRDA:24,2,0,0
BRDA:24,2,1,0
BRDA:47,3,0,0
BRDA:47,4,0,0
BRDA:47,4,1,0
BRF:9
BRH:0
end_of_record
TN:
SF:src/services/risk/risk.service.ts
FN:39,(anonymous_0)
FN:61,(anonymous_1)
FN:100,(anonymous_2)
FN:117,(anonymous_3)
FN:137,(anonymous_4)
FNF:5
FNH:0
FNDA:0,(anonymous_0)
FNDA:0,(anonymous_1)
FNDA:0,(anonymous_2)
FNDA:0,(anonymous_3)
FNDA:0,(anonymous_4)
DA:7,0
DA:8,0
DA:9,0
DA:10,0
DA:11,0
DA:17,0
DA:34,0
DA:36,0
DA:37,0
DA:45,0
DA:47,0
DA:48,0
DA:49,0
DA:51,0
DA:52,0
DA:62,0
DA:63,0
DA:65,0
DA:71,0
DA:72,0
DA:73,0
DA:74,0
DA:81,0
DA:86,0
DA:93,0
DA:101,0
DA:103,0
DA:104,0
DA:107,0
DA:114,0
DA:122,0
DA:123,0
DA:126,0
DA:133,0
DA:134,0
DA:142,0
DA:143,0
DA:146,0
DA:147,0
DA:148,0
DA:153,0
DA:155,0
DA:156,0
LF:43
LH:0
BRDA:47,0,0,0
BRDA:47,1,0,0
BRDA:47,1,1,0
BRDA:51,2,0,0
BRDA:71,3,0,0
BRDA:71,4,0,0
BRDA:71,4,1,0
BRDA:103,5,0,0
BRDA:103,6,0,0
BRDA:103,6,1,0
BRDA:122,7,0,0
BRDA:142,8,0,0
BRF:12
BRH:0
end_of_record
TN:
SF:src/services/vault/vault.service.ts
FN:42,(anonymous_0)
FN:67,(anonymous_1)
FN:93,(anonymous_2)
FN:112,(anonymous_3)
FN:137,(anonymous_4)
FN:161,(anonymous_5)
FNF:6
FNH:0
FNDA:0,(anonymous_0)
FNDA:0,(anonymous_1)
FNDA:0,(anonymous_2)
FNDA:0,(anonymous_3)
FNDA:0,(anonymous_4)
FNDA:0,(anonymous_5)
DA:7,0
DA:9,0
DA:19,0
DA:36,0
DA:38,0
DA:39,0
DA:43,0
DA:48,0
DA:49,0
DA:51,0
DA:52,0
DA:55,0
DA:56,0
DA:68,0
DA:69,0
DA:72,0
DA:80,0
DA:94,0
DA:95,0
DA:98,0
DA:99,0
DA:101,0
DA:113,0
DA:114,0
DA:118,0
DA:120,0
DA:121,0
DA:122,0
DA:124,0
DA:129,0
DA:138,0
DA:139,0
DA:143,0
DA:145,0
DA:146,0
DA:147,0
DA:149,0
DA:154,0
DA:165,0
DA:166,0
DA:170,0
DA:171,0
DA:173,0
DA:174,0
DA:175,0
DA:177,0
DA:181,0
DA:184,0
DA:191,0
DA:195,0
DA:196,0
DA:198,0
DA:201,0
DA:203,0
DA:205,0
DA:207,0
DA:214,0
DA:223,0
DA:231,0
DA:233,0
DA:239,0
DA:246,0
DA:247,0
DA:254,0
DA:262,0
LF:65
LH:0
BRDA:51,0,0,0
BRDA:55,1,0,0
BRDA:59,2,0,0
BRDA:59,2,1,0
BRDA:68,3,0,0
BRDA:94,4,0,0
BRDA:113,5,0,0
BRDA:113,6,0,0
BRDA:113,6,1,0
BRDA:138,7,0,0
BRDA:138,8,0,0
BRDA:138,8,1,0
BRDA:165,9,0,0
BRDA:165,10,0,0
BRDA:165,10,1,0
BRDA:173,11,0,0
BRDA:173,12,0,0
BRDA:173,12,1,0
BRDA:174,13,0,0
BRDA:174,13,1,0
BRDA:191,14,0,0
BRDA:191,14,1,0
BRDA:196,15,0,0
BRDA:196,15,1,0
BRDA:205,16,0,0
BRDA:246,17,0,0
BRF:26
BRH:0
end_of_record
